#
# A fatal error has been detected by the Java Runtime Environment:
#
#  EXCEPTION_ACCESS_VIOLATION (0xc0000005) at pc=0x0000000061f59109, pid=10416, tid=0x0000000000002f04
#
# JRE version: OpenJDK Runtime Environment (8.0_282-b08) (build 1.8.0_282-b08)
# Java VM: OpenJDK 64-Bit Server VM (25.282-b08 mixed mode windows-amd64 compressed oops)
# Problematic frame:
# V  [jvm.dll+0x129109]
#
# Failed to write core dump. Minidumps are not enabled by default on client versions of Windows
#
# If you would like to submit a bug report, please include
# instructions on how to reproduce the bug and visit:
#   https://github.com/corretto/corretto-8/issues/
#

---------------  T H R E A D  ---------------

Current thread (0x000001fb7d9c3800):  JavaThread "JavaFX Application Thread" [_thread_in_vm, id=12036, stack(0x000000b792e00000,0x000000b792f00000)]

siginfo: ExceptionCode=0xc0000005, reading address 0x0000000000000000

Registers:
RAX=0x0000000000000000, RBX=0x000001fb7d9c3800, RCX=0x000001fb7d9c3800, RDX=0x00000000d6141f40
RSP=0x000000b792efd0e0, RBP=0x000000b792efd1d8, RSI=0x0000000000000000, RDI=0x000001fb7d9c3a50
R8 =0x0000000000000000, R9 =0x000000b792efd1d8, R10=0x0000000061f59040, R11=0x009fc00580804044
R12=0x0000000000000000, R13=0x0000000000000000, R14=0x0000000000000000, R15=0x000001fb7dfb0060
RIP=0x0000000061f59109, EFLAGS=0x0000000000010246

Top of Stack: (sp=0x000000b792efd0e0)
0x000000b792efd0e0:   0000000000000000 0000000000000000
0x000000b792efd0f0:   0000000000000000 0000000000000000
0x000000b792efd100:   0000000000000000 0000000000000000
0x000000b792efd110:   0000000000000000 0000000000000000
0x000000b792efd120:   0000000000000000 0000000000000000
0x000000b792efd130:   000001fb7d9c3800 000001fb7adc6370
0x000000b792efd140:   0000000000000630 000000006240c530
0x000000b792efd150:   0000000000000000 0000000000000000
0x000000b792efd160:   0000000000000000 0000000000000000
0x000000b792efd170:   000001fb7dfb0060 00007fff8c8fe238
0x000000b792efd180:   00007fff8c8fe238 00007fff8914b210
0x000000b792efd190:   000001fb7dda2790 00007fff8c8ae7f0
0x000000b792efd1a0:   000001fb7e04ab50 000001fb7d9c3a50
0x000000b792efd1b0:   00007fff8c8ae7f0 00007fff8a796aae
0x000000b792efd1c0:   000001fb7e04ab50 0000000000000000
0x000000b792efd1d0:   0000000000000000 0000000061f51650 

Instructions: (pc=0x0000000061f59109)
0x0000000061f590e9:   00 00 06 00 00 00 48 89 5c 24 50 4c 89 74 24 58
0x0000000061f590f9:   4c 39 73 08 74 0a 48 8d 4c 24 50 e8 67 01 12 00
0x0000000061f59109:   48 8b 06 c7 44 24 40 04 00 00 00 48 8d 4c 24 70
0x0000000061f59119:   48 8b 50 08 0f b7 42 24 48 8b 52 08 48 8b 54 c2 


Register to memory mapping:

RAX=0x0000000000000000 is an unknown value
RBX=0x000001fb7d9c3800 is a thread
RCX=0x000001fb7d9c3800 is a thread
RDX=0x00000000d6141f40 is an oop
java.lang.NoSuchMethodError 
 - klass: 'java/lang/NoSuchMethodError'
RSP=0x000000b792efd0e0 is pointing into the stack for thread: 0x000001fb7d9c3800
RBP=0x000000b792efd1d8 is pointing into the stack for thread: 0x000001fb7d9c3800
RSI=0x0000000000000000 is an unknown value
RDI=0x000001fb7d9c3a50 is an unknown value
R8 =0x0000000000000000 is an unknown value
R9 =0x000000b792efd1d8 is pointing into the stack for thread: 0x000001fb7d9c3800
R10=0x0000000061f59040 is an unknown value
R11=0x009fc00580804044 is an unknown value
R12=0x0000000000000000 is an unknown value
R13=0x0000000000000000 is an unknown value
R14=0x0000000000000000 is an unknown value
R15=0x000001fb7dfb0060 is an unknown value


Stack: [0x000000b792e00000,0x000000b792f00000],  sp=0x000000b792efd0e0,  free space=1012k
Native frames: (J=compiled Java code, j=interpreted, Vv=VM code, C=native code)
V  [jvm.dll+0x129109]
C  [jfxwebkit.dll+0x8b210]
C  [jfxwebkit.dll+0x16d6aae]
C  [jfxwebkit.dll+0xaf2c5]
C  [jfxwebkit.dll+0xb29ff]
C  [jfxwebkit.dll+0x6ca006]
C  [jfxwebkit.dll+0x1ab37f]
C  [jfxwebkit.dll+0x485ebe]
C  [jfxwebkit.dll+0x3e82ea]
C  [jfxwebkit.dll+0x3ee530]
C  [jfxwebkit.dll+0xe22da]
C  [jfxwebkit.dll+0x97d9f]
C  0x000001fb00019c8e

Java frames: (J=compiled Java code, j=interpreted, Vv=VM code)
j  com.sun.webkit.WebPage.twkCreatePage(Z)J+0
j  com.sun.webkit.WebPage.<init>(Lcom/sun/webkit/WebPageClient;Lcom/sun/webkit/UIClient;Lcom/sun/webkit/PolicyClient;Lcom/sun/webkit/InspectorClient;Lcom/sun/webkit/ThemeClient;Z)V+178
j  javafx.scene.web.WebEngine.<init>(Ljava/lang/String;Z)V+275
j  javafx.scene.web.WebEngine.<init>()V+3
j  javafx.scene.web.WebView.<init>()V+56
j  com.dansoftware.pdfdisplayer.PDFDisplayer.createWebView()Ljavafx/scene/web/WebView;+4
j  com.dansoftware.pdfdisplayer.PDFDisplayer.toNode()Ljavafx/scene/Parent;+9
j  Demo.start(Ljavafx/stage/Stage;)V+147
j  com.sun.javafx.application.LauncherImpl.lambda$launchApplication1$8(Ljava/util/concurrent/atomic/AtomicBoolean;Ljavafx/application/Application;)V+20
j  com.sun.javafx.application.LauncherImpl$$Lambda$54.run()V+8
j  com.sun.javafx.application.PlatformImpl.lambda$runAndWait$7(Ljava/lang/Runnable;Ljava/util/concurrent/CountDownLatch;)V+1
j  com.sun.javafx.application.PlatformImpl$$Lambda$46.run()V+8
j  com.sun.javafx.application.PlatformImpl.lambda$null$5(Ljava/lang/Runnable;)Ljava/lang/Void;+1
j  com.sun.javafx.application.PlatformImpl$$Lambda$49.run()Ljava/lang/Object;+4
v  ~StubRoutines::call_stub
j  java.security.AccessController.doPrivileged(Ljava/security/PrivilegedAction;Ljava/security/AccessControlContext;)Ljava/lang/Object;+0
j  com.sun.javafx.application.PlatformImpl.lambda$runLater$6(Ljava/lang/Runnable;Ljava/security/AccessControlContext;)V+7
j  com.sun.javafx.application.PlatformImpl$$Lambda$47.run()V+8
j  com.sun.glass.ui.InvokeLaterDispatcher$Future.run()V+4
v  ~StubRoutines::call_stub
j  com.sun.glass.ui.win.WinApplication._runLoop(Ljava/lang/Runnable;)V+0
j  com.sun.glass.ui.win.WinApplication.lambda$null$3(ILjava/lang/Runnable;)V+8
j  com.sun.glass.ui.win.WinApplication$$Lambda$37.run()V+12
j  java.lang.Thread.run()V+11
v  ~StubRoutines::call_stub

---------------  P R O C E S S  ---------------

Java Threads: ( => current thread )
  0x000001fb7dfa3000 JavaThread "Prism Font Disposer" daemon [_thread_blocked, id=10592, stack(0x000000b793700000,0x000000b793800000)]
  0x000001fb7dc0c000 JavaThread "JavaFX-Launcher" [_thread_blocked, id=2276, stack(0x000000b793300000,0x000000b793400000)]
  0x000001fb7dc47000 JavaThread "Thread-2" daemon [_thread_in_native, id=13064, stack(0x000000b793200000,0x000000b793300000)]
=>0x000001fb7d9c3800 JavaThread "JavaFX Application Thread" [_thread_in_vm, id=12036, stack(0x000000b792e00000,0x000000b792f00000)]
  0x000001fb7da29000 JavaThread "Thread-1" daemon [_thread_blocked, id=5836, stack(0x000000b792d00000,0x000000b792e00000)]
  0x000001fb7d5ec000 JavaThread "QuantumRenderer-0" daemon [_thread_blocked, id=11552, stack(0x000000b792b00000,0x000000b792c00000)]
  0x000001fb7d2b2000 JavaThread "Service Thread" daemon [_thread_blocked, id=6904, stack(0x000000b792900000,0x000000b792a00000)]
  0x000001fb7addc800 JavaThread "C1 CompilerThread3" daemon [_thread_blocked, id=10732, stack(0x000000b792800000,0x000000b792900000)]
  0x000001fb7addb800 JavaThread "C2 CompilerThread2" daemon [_thread_blocked, id=7076, stack(0x000000b792700000,0x000000b792800000)]
  0x000001fb7add9000 JavaThread "C2 CompilerThread1" daemon [_thread_blocked, id=8556, stack(0x000000b792600000,0x000000b792700000)]
  0x000001fb7addf000 JavaThread "C2 CompilerThread0" daemon [_thread_blocked, id=10420, stack(0x000000b792500000,0x000000b792600000)]
  0x000001fb7adc5000 JavaThread "Attach Listener" daemon [_thread_blocked, id=1504, stack(0x000000b792400000,0x000000b792500000)]
  0x000001fb7adc4000 JavaThread "Signal Dispatcher" daemon [_thread_blocked, id=11996, stack(0x000000b792300000,0x000000b792400000)]
  0x000001fb7ad9c000 JavaThread "Finalizer" daemon [_thread_blocked, id=9420, stack(0x000000b792200000,0x000000b792300000)]
  0x000001fb7ad93800 JavaThread "Reference Handler" daemon [_thread_blocked, id=10816, stack(0x000000b792100000,0x000000b792200000)]
  0x000001fb73bb5000 JavaThread "main" [_thread_blocked, id=4592, stack(0x000000b791500000,0x000000b791600000)]

Other Threads:
  0x000001fb7ad6d800 VMThread [stack: 0x000000b792000000,0x000000b792100000] [id=7984]
  0x000001fb7d2b3800 WatcherThread [stack: 0x000000b792a00000,0x000000b792b00000] [id=11292]

VM state:not at safepoint (normal execution)

VM Mutex/Monitor currently owned by a thread: None

heap address: 0x0000000081e00000, size: 2018 MB, Compressed Oops mode: 32-bit
Narrow klass base: 0x0000000000000000, Narrow klass shift: 3
Compressed class space size: 1073741824 Address: 0x0000000100000000

Heap:
 PSYoungGen      total 38400K, used 7106K [0x00000000d5f80000, 0x00000000d8a00000, 0x0000000100000000)
  eden space 33280K, 6% used [0x00000000d5f80000,0x00000000d6178160,0x00000000d8000000)
  from space 5120K, 99% used [0x00000000d8000000,0x00000000d84f8958,0x00000000d8500000)
  to   space 5120K, 0% used [0x00000000d8500000,0x00000000d8500000,0x00000000d8a00000)
 ParOldGen       total 87552K, used 4005K [0x0000000081e00000, 0x0000000087380000, 0x00000000d5f80000)
  object space 87552K, 4% used [0x0000000081e00000,0x00000000821e96c0,0x0000000087380000)
 Metaspace       used 14193K, capacity 14704K, committed 14848K, reserved 1062912K
  class space    used 1855K, capacity 1998K, committed 2048K, reserved 1048576K

Card table byte_map: [0x000001fb75910000,0x000001fb75d10000] byte_map_base: 0x000001fb75501000

Marking Bits: (ParMarkBitMap*) 0x0000000062620890
 Begin Bits: [0x000001fb75fc0000, 0x000001fb77f48000)
 End Bits:   [0x000001fb77f48000, 0x000001fb79ed0000)

Polling page: 0x000001fb75520000

CodeCache: size=245760Kb used=3378Kb max_used=3378Kb free=242381Kb
 bounds [0x000001fb00000000, 0x000001fb00350000, 0x000001fb0f000000]
 total_blobs=1446 nmethods=866 adapters=493
 compilation: enabled

Compilation events (10 events):
Event: 6.911 Thread 0x000001fb7addc800  861       1       java.util.logging.Logger::getName (5 bytes)
Event: 6.911 Thread 0x000001fb7addc800 nmethod 861 0x000001fb00349f10 code [0x000001fb0034a060, 0x000001fb0034a178]
Event: 8.194 Thread 0x000001fb7addc800  863       3       java.util.concurrent.atomic.AtomicBoolean::compareAndSet (35 bytes)
Event: 8.195 Thread 0x000001fb7addc800 nmethod 863 0x000001fb003494d0 code [0x000001fb00349620, 0x000001fb00349858]
Event: 8.258 Thread 0x000001fb7addc800  864       3       java.util.concurrent.atomic.AtomicBoolean::getAndSet (16 bytes)
Event: 8.258 Thread 0x000001fb7addc800 nmethod 864 0x000001fb00348d50 code [0x000001fb00348ec0, 0x000001fb00349398]
Event: 8.370 Thread 0x000001fb7addc800  865       3       com.sun.javafx.tk.quantum.QuantumToolkit::setPulseRunning (9 bytes)
Event: 8.370 Thread 0x000001fb7addc800 nmethod 865 0x000001fb00348510 code [0x000001fb003486a0, 0x000001fb00348bb0]
Event: 8.946 Thread 0x000001fb7addc800  866       3       com.sun.javafx.tk.quantum.QuantumToolkit::postPulse (148 bytes)
Event: 8.947 Thread 0x000001fb7addc800 nmethod 866 0x000001fb0034b890 code [0x000001fb0034bc00, 0x000001fb0034dc80]

GC Heap History (2 events):
Event: 5.485 GC heap before
{Heap before GC invocations=1 (full 0):
 PSYoungGen      total 38400K, used 33280K [0x00000000d5f80000, 0x00000000d8a00000, 0x0000000100000000)
  eden space 33280K, 100% used [0x00000000d5f80000,0x00000000d8000000,0x00000000d8000000)
  from space 5120K, 0% used [0x00000000d8500000,0x00000000d8500000,0x00000000d8a00000)
  to   space 5120K, 0% used [0x00000000d8000000,0x00000000d8000000,0x00000000d8500000)
 ParOldGen       total 87552K, used 0K [0x0000000081e00000, 0x0000000087380000, 0x00000000d5f80000)
  object space 87552K, 0% used [0x0000000081e00000,0x0000000081e00000,0x0000000087380000)
 Metaspace       used 13642K, capacity 14138K, committed 14208K, reserved 1060864K
  class space    used 1751K, capacity 1897K, committed 1920K, reserved 1048576K
Event: 5.506 GC heap after
Heap after GC invocations=1 (full 0):
 PSYoungGen      total 38400K, used 5090K [0x00000000d5f80000, 0x00000000d8a00000, 0x0000000100000000)
  eden space 33280K, 0% used [0x00000000d5f80000,0x00000000d5f80000,0x00000000d8000000)
  from space 5120K, 99% used [0x00000000d8000000,0x00000000d84f8958,0x00000000d8500000)
  to   space 5120K, 0% used [0x00000000d8500000,0x00000000d8500000,0x00000000d8a00000)
 ParOldGen       total 87552K, used 4005K [0x0000000081e00000, 0x0000000087380000, 0x00000000d5f80000)
  object space 87552K, 4% used [0x0000000081e00000,0x00000000821e96c0,0x0000000087380000)
 Metaspace       used 13642K, capacity 14138K, committed 14208K, reserved 1060864K
  class space    used 1751K, capacity 1897K, committed 1920K, reserved 1048576K
}

Deoptimization events (10 events):
Event: 4.171 Thread 0x000001fb7d9c3800 Uncommon trap: reason=unstable_if action=reinterpret pc=0x000001fb002ac77c method=java.util.HashMap.getNode(ILjava/lang/Object;)Ljava/util/HashMap$Node; @ 84
Event: 4.171 Thread 0x000001fb7d9c3800 Uncommon trap: reason=unstable_if action=reinterpret pc=0x000001fb002a8f54 method=java.util.HashMap.getNode(ILjava/lang/Object;)Ljava/util/HashMap$Node; @ 84
Event: 4.713 Thread 0x000001fb7d9c3800 Uncommon trap: reason=class_check action=maybe_recompile pc=0x000001fb002afcd4 method=java.io.DataInputStream.readShort()S @ 4
Event: 4.723 Thread 0x000001fb7d9c3800 Uncommon trap: reason=class_check action=maybe_recompile pc=0x000001fb002afcd4 method=java.io.DataInputStream.readShort()S @ 4
Event: 4.725 Thread 0x000001fb7d9c3800 Uncommon trap: reason=class_check action=maybe_recompile pc=0x000001fb002afcd4 method=java.io.DataInputStream.readShort()S @ 4
Event: 4.725 Thread 0x000001fb7d9c3800 Uncommon trap: reason=class_check action=maybe_recompile pc=0x000001fb002afcd4 method=java.io.DataInputStream.readShort()S @ 4
Event: 4.763 Thread 0x000001fb7d9c3800 Uncommon trap: reason=class_check action=maybe_recompile pc=0x000001fb00115ae8 method=java.lang.String.equals(Ljava/lang/Object;)Z @ 8
Event: 4.763 Thread 0x000001fb7d9c3800 Uncommon trap: reason=class_check action=maybe_recompile pc=0x000001fb00115ae8 method=java.lang.String.equals(Ljava/lang/Object;)Z @ 8
Event: 4.763 Thread 0x000001fb7d9c3800 Uncommon trap: reason=class_check action=maybe_recompile pc=0x000001fb00115ae8 method=java.lang.String.equals(Ljava/lang/Object;)Z @ 8
Event: 5.369 Thread 0x000001fb7d9c3800 Uncommon trap: reason=unstable_if action=reinterpret pc=0x000001fb0024d468 method=java.lang.String.indexOf([CII[CIII)I @ 3

Classes redefined (0 events):
No events

Internal exceptions (10 events):
Event: 0.462 Thread 0x000001fb73bb5000 Exception <a 'java/lang/NoSuchFieldError': method resolution failed> (0x00000000d61b8748) thrown at [C:\wsjdk\Corretto8Src\installers\windows\zip\corretto-build\buildRoot\src\hotspot\src\share\vm\prims\methodHandles.cpp, line 1169]
Event: 0.539 Thread 0x000001fb73bb5000 Exception <a 'java/security/PrivilegedActionException'> (0x00000000d62422d0) thrown at [C:\wsjdk\Corretto8Src\installers\windows\zip\corretto-build\buildRoot\src\hotspot\src\share\vm\prims\jvm.cpp, line 1522]
Event: 0.539 Thread 0x000001fb73bb5000 Exception <a 'java/security/PrivilegedActionException'> (0x00000000d62424e0) thrown at [C:\wsjdk\Corretto8Src\installers\windows\zip\corretto-build\buildRoot\src\hotspot\src\share\vm\prims\jvm.cpp, line 1522]
Event: 0.540 Thread 0x000001fb73bb5000 Exception <a 'java/security/PrivilegedActionException'> (0x00000000d6245598) thrown at [C:\wsjdk\Corretto8Src\installers\windows\zip\corretto-build\buildRoot\src\hotspot\src\share\vm\prims\jvm.cpp, line 1522]
Event: 0.540 Thread 0x000001fb73bb5000 Exception <a 'java/security/PrivilegedActionException'> (0x00000000d62457a8) thrown at [C:\wsjdk\Corretto8Src\installers\windows\zip\corretto-build\buildRoot\src\hotspot\src\share\vm\prims\jvm.cpp, line 1522]
Event: 0.541 Thread 0x000001fb73bb5000 Exception <a 'java/lang/NullPointerException'> (0x00000000d6245d88) thrown at [C:\wsjdk\Corretto8Src\installers\windows\zip\corretto-build\buildRoot\src\hotspot\src\share\vm\interpreter\linkResolver.cpp, line 1185]
Event: 3.391 Thread 0x000001fb7d9c3800 Exception <a 'java/io/FileNotFoundException'> (0x00000000d6efd1c8) thrown at [C:\wsjdk\Corretto8Src\installers\windows\zip\corretto-build\buildRoot\src\hotspot\src\share\vm\prims\jni.cpp, line 711]
Event: 3.957 Thread 0x000001fb7d9c3800 Exception <a 'java/lang/NullPointerException'> (0x00000000d72f9e50) thrown at [C:\wsjdk\Corretto8Src\installers\windows\zip\corretto-build\buildRoot\src\hotspot\src\share\vm\interpreter\linkResolver.cpp, line 1185]
Event: 3.957 Thread 0x000001fb7d9c3800 Exception <a 'java/lang/NullPointerException'> (0x00000000d72f9e50) thrown at [C:\wsjdk\Corretto8Src\installers\windows\zip\corretto-build\buildRoot\src\hotspot\src\share\vm\prims\jvm.cpp, line 1526]
Event: 7.654 Thread 0x000001fb7d9c3800 Exception <a 'java/lang/NoSuchMethodError': fwkIsMainThread> (0x00000000d6141f40) thrown at [C:\wsjdk\Corretto8Src\installers\windows\zip\corretto-build\buildRoot\src\hotspot\src\share\vm\prims\jni.cpp, line 1584]

Events (10 events):
Event: 7.077 loading class com/sun/javafx/webkit/Accessor
Event: 7.077 loading class com/sun/javafx/webkit/Accessor done
Event: 7.077 loading class com/sun/javafx/webkit/theme/ScrollBarThemeImpl$ScrollBarWidget
Event: 7.077 loading class com/sun/javafx/webkit/theme/ScrollBarThemeImpl$ScrollBarWidget done
Event: 7.077 loading class com/sun/javafx/webkit/Accessor
Event: 7.077 loading class com/sun/javafx/webkit/Accessor done
Event: 7.077 loading class com/sun/javafx/webkit/theme/ScrollBarThemeImpl$1
Event: 7.077 loading class com/sun/javafx/webkit/theme/ScrollBarThemeImpl$1 done
Event: 7.654 loading class com/sun/webkit/MainThread
Event: 7.654 loading class com/sun/webkit/MainThread done


Dynamic libraries:
0x00007ff75d050000 - 0x00007ff75d08a000 	C:\Users\judal\.jdks\corretto-1.8.0_282\bin\java.exe
0x00007ff8091f0000 - 0x00007ff8093e6000 	C:\Windows\SYSTEM32\ntdll.dll
0x00007ff8073f0000 - 0x00007ff8074ad000 	C:\Windows\System32\KERNEL32.DLL
0x00007ff806ac0000 - 0x00007ff806d89000 	C:\Windows\System32\KERNELBASE.dll
0x00007ff8075c0000 - 0x00007ff80766c000 	C:\Windows\System32\ADVAPI32.dll
0x00007ff8072f0000 - 0x00007ff80738e000 	C:\Windows\System32\msvcrt.dll
0x00007ff807250000 - 0x00007ff8072ec000 	C:\Windows\System32\sechost.dll
0x00007ff808b10000 - 0x00007ff808c3b000 	C:\Windows\System32\RPCRT4.dll
0x00007ff808780000 - 0x00007ff808920000 	C:\Windows\System32\USER32.dll
0x00007ff807220000 - 0x00007ff807242000 	C:\Windows\System32\win32u.dll
0x00007ff807930000 - 0x00007ff80795a000 	C:\Windows\System32\GDI32.dll
0x00007ff806930000 - 0x00007ff806a39000 	C:\Windows\System32\gdi32full.dll
0x00007ff806fa0000 - 0x00007ff80703d000 	C:\Windows\System32\msvcp_win.dll
0x00007ff8070f0000 - 0x00007ff8071f0000 	C:\Windows\System32\ucrtbase.dll
0x00007ffff5750000 - 0x00007ffff59eb000 	C:\Windows\WinSxS\amd64_microsoft.windows.common-controls_6595b64144ccf1df_6.0.19041.488_none_ca04af081b815d21\COMCTL32.dll
0x00007ff808920000 - 0x00007ff808950000 	C:\Windows\System32\IMM32.DLL
0x00007fffc1630000 - 0x00007fffc171f000 	C:\Users\judal\.jdks\corretto-1.8.0_282\jre\bin\msvcr120.dll
0x00007fffc4830000 - 0x00007fffc48d6000 	C:\Users\judal\.jdks\corretto-1.8.0_282\jre\bin\msvcp120.dll
0x0000000061e30000 - 0x000000006269f000 	C:\Users\judal\.jdks\corretto-1.8.0_282\jre\bin\server\jvm.dll
0x00007ff8089c0000 - 0x00007ff8089c8000 	C:\Windows\System32\PSAPI.DLL
0x00007ff801460000 - 0x00007ff801469000 	C:\Windows\SYSTEM32\WSOCK32.dll
0x00007ffffefb0000 - 0x00007ffffefba000 	C:\Windows\SYSTEM32\VERSION.dll
0x00007ffff8e90000 - 0x00007ffff8eb7000 	C:\Windows\SYSTEM32\WINMM.dll
0x00007ff808950000 - 0x00007ff8089bb000 	C:\Windows\System32\WS2_32.dll
0x00007ffffb610000 - 0x00007ffffb61f000 	C:\Users\judal\.jdks\corretto-1.8.0_282\jre\bin\verify.dll
0x00007fffd25b0000 - 0x00007fffd25d9000 	C:\Users\judal\.jdks\corretto-1.8.0_282\jre\bin\java.dll
0x00007fffd2590000 - 0x00007fffd25a6000 	C:\Users\judal\.jdks\corretto-1.8.0_282\jre\bin\zip.dll
0x00007ff808030000 - 0x00007ff808772000 	C:\Windows\System32\SHELL32.dll
0x00007ff804a60000 - 0x00007ff8051f5000 	C:\Windows\SYSTEM32\windows.storage.dll
0x00007ff808e50000 - 0x00007ff8091a6000 	C:\Windows\System32\combase.dll
0x00007ff8062d0000 - 0x00007ff8062fc000 	C:\Windows\SYSTEM32\Wldp.dll
0x00007ff807ef0000 - 0x00007ff807f9e000 	C:\Windows\System32\SHCORE.dll
0x00007ff807fa0000 - 0x00007ff807ff5000 	C:\Windows\System32\shlwapi.dll
0x00007ff806860000 - 0x00007ff806886000 	C:\Windows\SYSTEM32\profapi.dll
0x000001fb7d640000 - 0x000001fb7d643000 	C:\Users\judal\.jdks\corretto-1.8.0_282\jre\bin\api-ms-win-core-console-l1-1-0.dll
0x000001fb7d650000 - 0x000001fb7d653000 	C:\Users\judal\.jdks\corretto-1.8.0_282\jre\bin\api-ms-win-core-datetime-l1-1-0.dll
0x000001fb7d660000 - 0x000001fb7d663000 	C:\Users\judal\.jdks\corretto-1.8.0_282\jre\bin\api-ms-win-core-debug-l1-1-0.dll
0x000001fb7d670000 - 0x000001fb7d673000 	C:\Users\judal\.jdks\corretto-1.8.0_282\jre\bin\api-ms-win-core-errorhandling-l1-1-0.dll
0x000001fb7d680000 - 0x000001fb7d684000 	C:\Users\judal\.jdks\corretto-1.8.0_282\jre\bin\api-ms-win-core-file-l1-1-0.dll
0x000001fb7d690000 - 0x000001fb7d693000 	C:\Users\judal\.jdks\corretto-1.8.0_282\jre\bin\api-ms-win-core-file-l1-2-0.dll
0x000001fb7d6a0000 - 0x000001fb7d6a3000 	C:\Users\judal\.jdks\corretto-1.8.0_282\jre\bin\api-ms-win-core-file-l2-1-0.dll
0x000001fb7d6b0000 - 0x000001fb7d6b3000 	C:\Users\judal\.jdks\corretto-1.8.0_282\jre\bin\api-ms-win-core-handle-l1-1-0.dll
0x000001fb7d6c0000 - 0x000001fb7d6c3000 	C:\Users\judal\.jdks\corretto-1.8.0_282\jre\bin\api-ms-win-core-heap-l1-1-0.dll
0x000001fb7d6d0000 - 0x000001fb7d6d3000 	C:\Users\judal\.jdks\corretto-1.8.0_282\jre\bin\api-ms-win-core-interlocked-l1-1-0.dll
0x000001fb7d6e0000 - 0x000001fb7d6e3000 	C:\Users\judal\.jdks\corretto-1.8.0_282\jre\bin\api-ms-win-core-libraryloader-l1-1-0.dll
0x000001fb7d6f0000 - 0x000001fb7d6f3000 	C:\Users\judal\.jdks\corretto-1.8.0_282\jre\bin\api-ms-win-core-localization-l1-2-0.dll
0x000001fb7d700000 - 0x000001fb7d703000 	C:\Users\judal\.jdks\corretto-1.8.0_282\jre\bin\api-ms-win-core-memory-l1-1-0.dll
0x000001fb7d710000 - 0x000001fb7d713000 	C:\Users\judal\.jdks\corretto-1.8.0_282\jre\bin\api-ms-win-core-namedpipe-l1-1-0.dll
0x000001fb7d720000 - 0x000001fb7d723000 	C:\Users\judal\.jdks\corretto-1.8.0_282\jre\bin\api-ms-win-core-processenvironment-l1-1-0.dll
0x000001fb7d730000 - 0x000001fb7d733000 	C:\Users\judal\.jdks\corretto-1.8.0_282\jre\bin\api-ms-win-core-processthreads-l1-1-0.dll
0x000001fb7d740000 - 0x000001fb7d743000 	C:\Users\judal\.jdks\corretto-1.8.0_282\jre\bin\api-ms-win-core-processthreads-l1-1-1.dll
0x000001fb7d750000 - 0x000001fb7d753000 	C:\Users\judal\.jdks\corretto-1.8.0_282\jre\bin\api-ms-win-core-profile-l1-1-0.dll
0x000001fb7d760000 - 0x000001fb7d763000 	C:\Users\judal\.jdks\corretto-1.8.0_282\jre\bin\api-ms-win-core-rtlsupport-l1-1-0.dll
0x000001fb7d770000 - 0x000001fb7d773000 	C:\Users\judal\.jdks\corretto-1.8.0_282\jre\bin\api-ms-win-core-string-l1-1-0.dll
0x000001fb7d780000 - 0x000001fb7d783000 	C:\Users\judal\.jdks\corretto-1.8.0_282\jre\bin\api-ms-win-core-synch-l1-1-0.dll
0x000001fb7d790000 - 0x000001fb7d793000 	C:\Users\judal\.jdks\corretto-1.8.0_282\jre\bin\api-ms-win-core-synch-l1-2-0.dll
0x000001fb7d7a0000 - 0x000001fb7d7a3000 	C:\Users\judal\.jdks\corretto-1.8.0_282\jre\bin\api-ms-win-core-sysinfo-l1-1-0.dll
0x000001fb7d7b0000 - 0x000001fb7d7b3000 	C:\Users\judal\.jdks\corretto-1.8.0_282\jre\bin\api-ms-win-core-timezone-l1-1-0.dll
0x000001fb7d7c0000 - 0x000001fb7d7c3000 	C:\Users\judal\.jdks\corretto-1.8.0_282\jre\bin\api-ms-win-core-util-l1-1-0.dll
0x000001fb7d7d0000 - 0x000001fb7d7d3000 	C:\Users\judal\.jdks\corretto-1.8.0_282\jre\bin\api-ms-win-crt-conio-l1-1-0.dll
0x000001fb7d7e0000 - 0x000001fb7d7e4000 	C:\Users\judal\.jdks\corretto-1.8.0_282\jre\bin\api-ms-win-crt-convert-l1-1-0.dll
0x000001fb7d7f0000 - 0x000001fb7d7f3000 	C:\Users\judal\.jdks\corretto-1.8.0_282\jre\bin\api-ms-win-crt-environment-l1-1-0.dll
0x000001fb7d800000 - 0x000001fb7d803000 	C:\Users\judal\.jdks\corretto-1.8.0_282\jre\bin\api-ms-win-crt-filesystem-l1-1-0.dll
0x000001fb7d810000 - 0x000001fb7d813000 	C:\Users\judal\.jdks\corretto-1.8.0_282\jre\bin\api-ms-win-crt-heap-l1-1-0.dll
0x000001fb7d820000 - 0x000001fb7d823000 	C:\Users\judal\.jdks\corretto-1.8.0_282\jre\bin\api-ms-win-crt-locale-l1-1-0.dll
0x000001fb7d830000 - 0x000001fb7d835000 	C:\Users\judal\.jdks\corretto-1.8.0_282\jre\bin\api-ms-win-crt-math-l1-1-0.dll
0x000001fb7d840000 - 0x000001fb7d845000 	C:\Users\judal\.jdks\corretto-1.8.0_282\jre\bin\api-ms-win-crt-multibyte-l1-1-0.dll
0x000001fb7d850000 - 0x000001fb7d860000 	C:\Users\judal\.jdks\corretto-1.8.0_282\jre\bin\api-ms-win-crt-private-l1-1-0.dll
0x000001fb7d860000 - 0x000001fb7d863000 	C:\Users\judal\.jdks\corretto-1.8.0_282\jre\bin\api-ms-win-crt-process-l1-1-0.dll
0x000001fb7d870000 - 0x000001fb7d874000 	C:\Users\judal\.jdks\corretto-1.8.0_282\jre\bin\api-ms-win-crt-runtime-l1-1-0.dll
0x000001fb7d880000 - 0x000001fb7d884000 	C:\Users\judal\.jdks\corretto-1.8.0_282\jre\bin\api-ms-win-crt-stdio-l1-1-0.dll
0x000001fb7d890000 - 0x000001fb7d894000 	C:\Users\judal\.jdks\corretto-1.8.0_282\jre\bin\api-ms-win-crt-string-l1-1-0.dll
0x000001fb7d8a0000 - 0x000001fb7d8a3000 	C:\Users\judal\.jdks\corretto-1.8.0_282\jre\bin\api-ms-win-crt-time-l1-1-0.dll
0x000001fb7d8b0000 - 0x000001fb7d8b3000 	C:\Users\judal\.jdks\corretto-1.8.0_282\jre\bin\api-ms-win-crt-utility-l1-1-0.dll
0x00007fffc1190000 - 0x00007fffc128c000 	C:\Users\judal\.jdks\corretto-1.8.0_282\jre\bin\ucrtbase.dll
0x00007fffc5300000 - 0x00007fffc5315000 	C:\Users\judal\.jdks\corretto-1.8.0_282\jre\bin\vcruntime140.dll
0x00007fffc1590000 - 0x00007fffc162b000 	C:\Users\judal\.jdks\corretto-1.8.0_282\jre\bin\msvcp140.dll
0x00007fffc4440000 - 0x00007fffc4491000 	C:\Users\judal\.jdks\corretto-1.8.0_282\jre\bin\concrt140.dll
0x00007fffc4e10000 - 0x00007fffc4e33000 	C:\Users\judal\.jdks\corretto-1.8.0_282\jre\bin\prism_d3d.dll
0x00007ffffc1f0000 - 0x00007ffffc3bf000 	C:\Windows\system32\d3d9.dll
0x00007ff805200000 - 0x00007ff805212000 	C:\Windows\SYSTEM32\kernel.appcore.dll
0x00007ff804300000 - 0x00007ff80432f000 	C:\Windows\SYSTEM32\dwmapi.dll
0x00007ff803f90000 - 0x00007ff80402e000 	C:\Windows\system32\uxtheme.dll
0x00007fffc0d90000 - 0x00007fffc0ef3000 	C:\Windows\System32\DriverStore\FileRepository\iigd_dch.inf_amd64_5d54dd32fa1ef4d4\igdumdim64.dll
0x00007fffa6470000 - 0x00007fffa9eb2000 	C:\Windows\System32\DriverStore\FileRepository\iigd_dch.inf_amd64_5d54dd32fa1ef4d4\igd9dxva64.dll
0x00007ff8089e0000 - 0x00007ff808b0a000 	C:\Windows\System32\ole32.dll
0x00007ff808d80000 - 0x00007ff808e4d000 	C:\Windows\System32\OLEAUT32.dll
0x00007ff807960000 - 0x00007ff807dc7000 	C:\Windows\System32\SETUPAPI.dll
0x00007ff806f50000 - 0x00007ff806f9e000 	C:\Windows\System32\cfgmgr32.dll
0x00007ff8071f0000 - 0x00007ff807217000 	C:\Windows\System32\bcrypt.dll
0x00007ffff51f0000 - 0x00007ffff542f000 	C:\Windows\System32\DriverStore\FileRepository\iigd_dch.inf_amd64_5d54dd32fa1ef4d4\igdgmm64.dll
0x00007ffffdb50000 - 0x00007ffffdc52000 	C:\Windows\System32\DriverStore\FileRepository\nvlt.inf_amd64_6de98d46a9fc896b\nvldumdx.dll
0x00007ff806d90000 - 0x00007ff806eed000 	C:\Windows\System32\crypt32.dll
0x00007ffffeb00000 - 0x00007ffffeb31000 	C:\Windows\SYSTEM32\cryptnet.dll
0x00007ff806220000 - 0x00007ff80622c000 	C:\Windows\SYSTEM32\cryptbase.dll
0x00007ff806ef0000 - 0x00007ff806f50000 	C:\Windows\System32\WINTRUST.DLL
0x00007ff806450000 - 0x00007ff806462000 	C:\Windows\SYSTEM32\MSASN1.dll
0x00007ff808010000 - 0x00007ff80802d000 	C:\Windows\System32\imagehlp.dll
0x00007ff806230000 - 0x00007ff806248000 	C:\Windows\SYSTEM32\CRYPTSP.dll
0x00007ff8059e0000 - 0x00007ff805a14000 	C:\Windows\system32\rsaenh.dll
0x00007ff806a40000 - 0x00007ff806ac0000 	C:\Windows\System32\bcryptPrimitives.dll
0x00007fff93b40000 - 0x00007fff952e2000 	C:\Windows\System32\DriverStore\FileRepository\nvlt.inf_amd64_6de98d46a9fc896b\nvd3dumx.dll
0x00007fffc3e70000 - 0x00007fffc3eb5000 	C:\Users\judal\.jdks\corretto-1.8.0_282\jre\bin\glass.dll
0x00007ff808c40000 - 0x00007ff808d1b000 	C:\Windows\System32\COMDLG32.dll
0x00007ff807dd0000 - 0x00007ff807ee6000 	C:\Windows\System32\MSCTF.dll
0x00007fffee930000 - 0x00007fffee957000 	C:\Windows\System32\DriverStore\FileRepository\iigd_dch.inf_amd64_5d54dd32fa1ef4d4\igdinfo64.dll
0x00007ffff21a0000 - 0x00007ffff4d69000 	C:\Windows\System32\DriverStore\FileRepository\iigd_dch.inf_amd64_5d54dd32fa1ef4d4\igc64.dll
0x00007ffff8660000 - 0x00007ffff869b000 	C:\Windows\SYSTEM32\dxcore.dll
0x00007fffc4df0000 - 0x00007fffc4e04000 	C:\Users\judal\.jdks\corretto-1.8.0_282\jre\bin\javafx_font.dll
0x00007fffdf9b0000 - 0x00007fffdfc2f000 	C:\Windows\SYSTEM32\dwrite.dll
0x00007ff8074b0000 - 0x00007ff807559000 	C:\Windows\System32\clbcatq.dll
0x00007ffffa210000 - 0x00007ffffa3c4000 	C:\Windows\SYSTEM32\WindowsCodecs.dll
0x00007fffee2a0000 - 0x00007fffee2de000 	C:\Windows\system32\dataexchange.dll
0x00007ff801f80000 - 0x00007ff8021e4000 	C:\Windows\system32\d3d11.dll
0x00007ff802e90000 - 0x00007ff803077000 	C:\Windows\system32\dcomp.dll
0x00007ff805280000 - 0x00007ff805373000 	C:\Windows\system32\dxgi.dll
0x00007ff800a90000 - 0x00007ff800c98000 	C:\Windows\system32\twinapi.appcore.dll
0x00007fffc2880000 - 0x00007fffc28b4000 	C:\Program Files\Common Files\Microsoft Shared\Ink\rtscom.dll
0x00007ffffd9f0000 - 0x00007ffffdaed000 	C:\Windows\SYSTEM32\textinputframework.dll
0x00007ff803730000 - 0x00007ff803a8e000 	C:\Windows\System32\CoreUIComponents.dll
0x00007ff803630000 - 0x00007ff803722000 	C:\Windows\System32\CoreMessaging.dll
0x00007ff8056b0000 - 0x00007ff8056e3000 	C:\Windows\SYSTEM32\ntmarta.dll
0x00007ff8029a0000 - 0x00007ff802af6000 	C:\Windows\SYSTEM32\wintypes.dll
0x00007fff890c0000 - 0x00007fff8caed000 	C:\Users\judal\Documents\JDK\LibericaJDK\jdk-16-full\bin\jfxwebkit.dll
0x00007ff804630000 - 0x00007ff804814000 	C:\Windows\SYSTEM32\dbghelp.dll

VM Arguments:
jvm_args: -Dfile.encoding=windows-1250 -Duser.country=HU -Duser.language=hu -Duser.variant 
java_command: Demo
java_class_path (initial): C:\Users\judal\Documents\Projects\PDFViewerFX\build\classes\java\test;C:\Users\judal\Documents\Projects\PDFViewerFX\build\resources\test;C:\Users\judal\Documents\Projects\PDFViewerFX\build\classes\java\main;C:\Users\judal\Documents\Projects\PDFViewerFX\build\resources\main;C:\Users\judal\.gradle\caches\modules-2\files-2.1\ch.qos.logback\logback-classic\1.2.3\7c4f3c474fb2c041d8028740440937705ebb473a\logback-classic-1.2.3.jar;C:\Users\judal\.gradle\caches\modules-2\files-2.1\org.slf4j\slf4j-api\1.7.30\b5a4b6d16ab13e34a88fae84c35cd5d68cac922c\slf4j-api-1.7.30.jar;C:\Users\judal\.gradle\caches\modules-2\files-2.1\ch.qos.logback\logback-core\1.2.3\864344400c3d4d92dfeb0a305dc87d953677c03c\logback-core-1.2.3.jar
Launcher Type: SUN_STANDARD

Environment Variables:
JAVA_HOME=C:\Users\judal\Documents\JDK\LibericaJDK\jdk-16-full
PATH=C:\Windows\system32;C:\Windows;C:\Windows\System32\Wbem;C:\Windows\System32\WindowsPowerShell\v1.0\;C:\Windows\System32\OpenSSH\;C:\Program Files\Git\cmd;C:\Users\judal\Documents\JDK\LibericaJDK\jdk-16-full\bin;C:\Program Files\dotnet\;C:\Program Files\nodejs\;C:\Users\judal\Documents\JDK\graalvm-ce-java11-21.0.0\bin;C:\Program Files\Microsoft Windows Performance Toolkit\;C:\kotlinc\bin;C:\Ruby27-x64\bin;C:\Ruby30-x64\bin;C:\Users\judal\AppData\Local\Microsoft\WindowsApps;C:\Users\judal\.dotnet\tools;C:\Users\judal\AppData\Local\Programs\Microsoft VS Code\bin;C:\Users\judal\AppData\Roaming\npm;C:\Users\judal\AppData\Local\GitHubDesktop\bin
USERNAME=judal
OS=Windows_NT
PROCESSOR_IDENTIFIER=Intel64 Family 6 Model 158 Stepping 10, GenuineIntel



---------------  S Y S T E M  ---------------

OS: Windows 10.0 , 64 bit Build 19041 (10.0.19041.662)

CPU:total 12 (initial active 12) (6 cores per cpu, 2 threads per core) family 6 model 158 stepping 10, cmov, cx8, fxsr, mmx, sse, sse2, sse3, ssse3, sse4.1, sse4.2, popcnt, avx, avx2, aes, clmul, erms, 3dnowpref, lzcnt, ht, tsc, tscinvbit, bmi1, bmi2, adx

Memory: 4k page, physical 8264948k(696400k free), swap 21896436k(8448952k free)

vm_info: OpenJDK 64-Bit Server VM (25.282-b08) for windows-amd64 JRE (1.8.0_282-b08), built on Jan 14 2021 22:12:08 by "Administrator" with MS VC++ 12.0 (VS2013)

time: Sun Apr 18 15:32:59 2021
timezone: Közép-európai nyári ido 
elapsed time: 9.781876 seconds (0d 0h 0m 9s)

